2019-11-17 16:25:57.199 [main] INFO  com.example.demo.DemoApplication - Starting DemoApplication on DESKTOP-VGJR4R4 with PID 25888 (D:\IdeaProjects\demo1112\target\classes started by ZHY in D:\IdeaProjects\demo1112)
2019-11-17 16:25:57.293 [main] INFO  com.example.demo.DemoApplication - The following profiles are active: dev
2019-11-17 16:25:59.510 [main] INFO  o.s.c.s.PostProcessorRegistrationDelegate$BeanPostProcessorChecker - Bean 'shiroConfig' of type [com.example.demo.shiro.ShiroConfig$$EnhancerBySpringCGLIB$$d6788ecb] is not eligible for getting processed by all BeanPostProcessors (for example: not eligible for auto-proxying)
2019-11-17 16:25:59.510 [main] INFO  o.s.c.s.PostProcessorRegistrationDelegate$BeanPostProcessorChecker - Bean 'org.springframework.transaction.annotation.ProxyTransactionManagementConfiguration' of type [org.springframework.transaction.annotation.ProxyTransactionManagementConfiguration] is not eligible for getting processed by all BeanPostProcessors (for example: not eligible for auto-proxying)
2019-11-17 16:25:59.670 [main] INFO  o.s.c.s.PostProcessorRegistrationDelegate$BeanPostProcessorChecker - Bean 'mybatis-org.mybatis.spring.boot.autoconfigure.MybatisProperties' of type [org.mybatis.spring.boot.autoconfigure.MybatisProperties] is not eligible for getting processed by all BeanPostProcessors (for example: not eligible for auto-proxying)
2019-11-17 16:25:59.670 [main] INFO  o.s.c.s.PostProcessorRegistrationDelegate$BeanPostProcessorChecker - Bean 'org.mybatis.spring.boot.autoconfigure.MybatisAutoConfiguration' of type [org.mybatis.spring.boot.autoconfigure.MybatisAutoConfiguration$$EnhancerBySpringCGLIB$$bdccbd5a] is not eligible for getting processed by all BeanPostProcessors (for example: not eligible for auto-proxying)
2019-11-17 16:25:59.686 [main] INFO  o.s.c.s.PostProcessorRegistrationDelegate$BeanPostProcessorChecker - Bean 'org.springframework.boot.autoconfigure.jdbc.DataSourceConfiguration$Hikari' of type [org.springframework.boot.autoconfigure.jdbc.DataSourceConfiguration$Hikari] is not eligible for getting processed by all BeanPostProcessors (for example: not eligible for auto-proxying)
2019-11-17 16:25:59.686 [main] INFO  o.s.c.s.PostProcessorRegistrationDelegate$BeanPostProcessorChecker - Bean 'spring.datasource-org.springframework.boot.autoconfigure.jdbc.DataSourceProperties' of type [org.springframework.boot.autoconfigure.jdbc.DataSourceProperties] is not eligible for getting processed by all BeanPostProcessors (for example: not eligible for auto-proxying)
2019-11-17 16:25:59.717 [main] INFO  o.s.c.s.PostProcessorRegistrationDelegate$BeanPostProcessorChecker - Bean 'dataSource' of type [com.zaxxer.hikari.HikariDataSource] is not eligible for getting processed by all BeanPostProcessors (for example: not eligible for auto-proxying)
2019-11-17 16:25:59.732 [main] INFO  o.s.c.s.PostProcessorRegistrationDelegate$BeanPostProcessorChecker - Bean 'org.springframework.boot.autoconfigure.jdbc.DataSourceInitializerInvoker' of type [org.springframework.boot.autoconfigure.jdbc.DataSourceInitializerInvoker] is not eligible for getting processed by all BeanPostProcessors (for example: not eligible for auto-proxying)
2019-11-17 16:25:59.998 [main] INFO  o.s.c.s.PostProcessorRegistrationDelegate$BeanPostProcessorChecker - Bean 'sqlSessionFactory' of type [org.apache.ibatis.session.defaults.DefaultSqlSessionFactory] is not eligible for getting processed by all BeanPostProcessors (for example: not eligible for auto-proxying)
2019-11-17 16:25:59.998 [main] INFO  o.s.c.s.PostProcessorRegistrationDelegate$BeanPostProcessorChecker - Bean 'sqlSessionTemplate' of type [org.mybatis.spring.SqlSessionTemplate] is not eligible for getting processed by all BeanPostProcessors (for example: not eligible for auto-proxying)
2019-11-17 16:26:00.060 [main] INFO  o.s.c.s.PostProcessorRegistrationDelegate$BeanPostProcessorChecker - Bean 'sysUserMapper' of type [tk.mybatis.spring.mapper.MapperFactoryBean] is not eligible for getting processed by all BeanPostProcessors (for example: not eligible for auto-proxying)
2019-11-17 16:26:00.060 [main] INFO  o.s.c.s.PostProcessorRegistrationDelegate$BeanPostProcessorChecker - Bean 'sysUserMapper' of type [com.sun.proxy.$Proxy73] is not eligible for getting processed by all BeanPostProcessors (for example: not eligible for auto-proxying)
2019-11-17 16:26:00.060 [main] INFO  o.s.c.s.PostProcessorRegistrationDelegate$BeanPostProcessorChecker - Bean 'sysuserServiceimpl' of type [com.example.demo.service.impl.SysuserServiceimpl] is not eligible for getting processed by all BeanPostProcessors (for example: not eligible for auto-proxying)
2019-11-17 16:26:00.076 [main] INFO  o.s.c.s.PostProcessorRegistrationDelegate$BeanPostProcessorChecker - Bean 'userRealm' of type [com.example.demo.shiro.UserRealm] is not eligible for getting processed by all BeanPostProcessors (for example: not eligible for auto-proxying)
2019-11-17 16:26:00.472 [main] INFO  o.s.c.s.PostProcessorRegistrationDelegate$BeanPostProcessorChecker - Bean 'defaultWebSecurityManager' of type [org.apache.shiro.web.mgt.DefaultWebSecurityManager] is not eligible for getting processed by all BeanPostProcessors (for example: not eligible for auto-proxying)
2019-11-17 16:26:00.804 [main] INFO  o.s.boot.web.embedded.tomcat.TomcatWebServer - Tomcat initialized with port(s): 8081 (http)
2019-11-17 16:26:00.804 [main] INFO  org.apache.coyote.http11.Http11NioProtocol - Initializing ProtocolHandler ["http-nio-8081"]
2019-11-17 16:26:00.820 [main] INFO  org.apache.catalina.core.StandardService - Starting service [Tomcat]
2019-11-17 16:26:00.820 [main] INFO  org.apache.catalina.core.StandardEngine - Starting Servlet engine: [Apache Tomcat/9.0.27]
2019-11-17 16:26:00.820 [main] INFO  org.apache.catalina.core.AprLifecycleListener - Loaded APR based Apache Tomcat Native library [1.2.23] using APR version [1.7.0].
2019-11-17 16:26:00.820 [main] INFO  org.apache.catalina.core.AprLifecycleListener - APR capabilities: IPv6 [true], sendfile [true], accept filters [false], random [true].
2019-11-17 16:26:00.820 [main] INFO  org.apache.catalina.core.AprLifecycleListener - APR/OpenSSL configuration: useAprConnector [false], useOpenSSL [true]
2019-11-17 16:26:00.867 [main] INFO  org.apache.catalina.core.AprLifecycleListener - OpenSSL successfully initialized [OpenSSL 1.1.1c  28 May 2019]
2019-11-17 16:26:00.929 [main] INFO  o.a.c.core.ContainerBase.[Tomcat].[localhost].[/] - Initializing Spring embedded WebApplicationContext
2019-11-17 16:26:00.945 [main] INFO  org.springframework.web.context.ContextLoader - Root WebApplicationContext: initialization completed in 3574 ms
2019-11-17 16:26:01.219 [main] INFO  o.s.scheduling.concurrent.ThreadPoolTaskExecutor - Initializing ExecutorService 'applicationTaskExecutor'
2019-11-17 16:26:01.551 [main] INFO  o.s.scheduling.concurrent.ThreadPoolTaskScheduler - Initializing ExecutorService
2019-11-17 16:26:01.551 [spring-task-scheduler-thread-2] INFO  com.example.demo.task.pojodask - 现在时间:2019-11-17 16-26-01
2019-11-17 16:26:01.551 [spring-task-scheduler-thread-1] INFO  com.example.demo.task.pojodask - 现在时间111:2019-11-17 16-26-01
2019-11-17 16:26:01.551 [main] INFO  org.apache.coyote.http11.Http11NioProtocol - Starting ProtocolHandler ["http-nio-8081"]
2019-11-17 16:26:01.582 [main] INFO  o.s.boot.web.embedded.tomcat.TomcatWebServer - Tomcat started on port(s): 8081 (http) with context path ''
2019-11-17 16:26:01.582 [main] INFO  com.example.demo.DemoApplication - Started DemoApplication in 7.033 seconds (JVM running for 8.159)
2019-11-17 16:26:02.567 [spring-task-scheduler-thread-1] INFO  com.example.demo.task.pojodask - 现在时间:2019-11-17 16-26-02
2019-11-17 16:26:02.567 [spring-task-scheduler-thread-2] INFO  com.example.demo.task.pojodask - 现在时间111:2019-11-17 16-26-02
2019-11-17 16:26:03.567 [spring-task-scheduler-thread-4] INFO  com.example.demo.task.pojodask - 现在时间:2019-11-17 16-26-03
2019-11-17 16:26:03.567 [spring-task-scheduler-thread-1] INFO  com.example.demo.task.pojodask - 现在时间111:2019-11-17 16-26-03
2019-11-17 16:26:04.597 [spring-task-scheduler-thread-2] INFO  com.example.demo.task.pojodask - 现在时间:2019-11-17 16-26-04
2019-11-17 16:26:04.597 [spring-task-scheduler-thread-1] INFO  com.example.demo.task.pojodask - 现在时间111:2019-11-17 16-26-04
2019-11-17 16:26:05.556 [spring-task-scheduler-thread-4] INFO  com.example.demo.task.pojodask - 现在时间:2019-11-17 16-26-05
2019-11-17 16:26:05.556 [spring-task-scheduler-thread-3] INFO  com.example.demo.task.pojodask - 现在时间111:2019-11-17 16-26-05
2019-11-17 16:26:06.559 [spring-task-scheduler-thread-4] INFO  com.example.demo.task.pojodask - 现在时间111:2019-11-17 16-26-06
2019-11-17 16:26:06.559 [spring-task-scheduler-thread-1] INFO  com.example.demo.task.pojodask - 现在时间:2019-11-17 16-26-06
2019-11-17 16:26:07.565 [spring-task-scheduler-thread-3] INFO  com.example.demo.task.pojodask - 现在时间:2019-11-17 16-26-07
2019-11-17 16:26:07.565 [spring-task-scheduler-thread-4] INFO  com.example.demo.task.pojodask - 现在时间111:2019-11-17 16-26-07
2019-11-17 16:26:08.556 [spring-task-scheduler-thread-3] INFO  com.example.demo.task.pojodask - 现在时间:2019-11-17 16-26-08
2019-11-17 16:26:08.556 [spring-task-scheduler-thread-2] INFO  com.example.demo.task.pojodask - 现在时间111:2019-11-17 16-26-08
2019-11-17 16:26:09.555 [spring-task-scheduler-thread-2] INFO  com.example.demo.task.pojodask - 现在时间111:2019-11-17 16-26-09
2019-11-17 16:26:09.555 [spring-task-scheduler-thread-4] INFO  com.example.demo.task.pojodask - 现在时间:2019-11-17 16-26-09
2019-11-17 16:26:10.556 [spring-task-scheduler-thread-2] INFO  com.example.demo.task.pojodask - 现在时间:2019-11-17 16-26-10
2019-11-17 16:26:10.556 [spring-task-scheduler-thread-3] INFO  com.example.demo.task.pojodask - 现在时间111:2019-11-17 16-26-10
2019-11-17 16:26:11.555 [spring-task-scheduler-thread-2] INFO  com.example.demo.task.pojodask - 现在时间:2019-11-17 16-26-11
2019-11-17 16:26:11.555 [spring-task-scheduler-thread-1] INFO  com.example.demo.task.pojodask - 现在时间111:2019-11-17 16-26-11
2019-11-17 16:26:12.555 [spring-task-scheduler-thread-1] INFO  com.example.demo.task.pojodask - 现在时间111:2019-11-17 16-26-12
2019-11-17 16:26:12.555 [spring-task-scheduler-thread-3] INFO  com.example.demo.task.pojodask - 现在时间:2019-11-17 16-26-12
2019-11-17 16:26:12.906 [http-nio-8081-exec-1] INFO  o.a.c.core.ContainerBase.[Tomcat].[localhost].[/] - Initializing Spring DispatcherServlet 'dispatcherServlet'
2019-11-17 16:26:12.906 [http-nio-8081-exec-1] INFO  org.springframework.web.servlet.DispatcherServlet - Initializing Servlet 'dispatcherServlet'
2019-11-17 16:26:12.911 [http-nio-8081-exec-1] INFO  org.springframework.web.servlet.DispatcherServlet - Completed initialization in 5 ms
2019-11-17 16:26:13.557 [spring-task-scheduler-thread-1] INFO  com.example.demo.task.pojodask - 现在时间:2019-11-17 16-26-13
2019-11-17 16:26:13.557 [spring-task-scheduler-thread-2] INFO  com.example.demo.task.pojodask - 现在时间111:2019-11-17 16-26-13
2019-11-17 16:26:14.556 [spring-task-scheduler-thread-4] INFO  com.example.demo.task.pojodask - 现在时间111:2019-11-17 16-26-14
2019-11-17 16:26:14.556 [spring-task-scheduler-thread-1] INFO  com.example.demo.task.pojodask - 现在时间:2019-11-17 16-26-14
2019-11-17 16:26:15.560 [spring-task-scheduler-thread-4] INFO  com.example.demo.task.pojodask - 现在时间:2019-11-17 16-26-15
2019-11-17 16:26:15.560 [spring-task-scheduler-thread-2] INFO  com.example.demo.task.pojodask - 现在时间111:2019-11-17 16-26-15
2019-11-17 16:26:16.556 [spring-task-scheduler-thread-1] INFO  com.example.demo.task.pojodask - 现在时间111:2019-11-17 16-26-16
2019-11-17 16:26:16.556 [spring-task-scheduler-thread-4] INFO  com.example.demo.task.pojodask - 现在时间:2019-11-17 16-26-16
2019-11-17 16:26:17.320 [http-nio-8081-exec-7] INFO  com.zaxxer.hikari.HikariDataSource - HikariPool-1 - Starting...
2019-11-17 16:26:17.555 [spring-task-scheduler-thread-1] INFO  com.example.demo.task.pojodask - 现在时间:2019-11-17 16-26-17
2019-11-17 16:26:17.555 [spring-task-scheduler-thread-3] INFO  com.example.demo.task.pojodask - 现在时间111:2019-11-17 16-26-17
2019-11-17 16:26:17.824 [http-nio-8081-exec-7] INFO  com.zaxxer.hikari.HikariDataSource - HikariPool-1 - Start completed.
2019-11-17 16:26:17.925 [http-nio-8081-exec-8] INFO  com.example.demo.controller.TuserController - logback 成功了
2019-11-17 16:26:18.555 [spring-task-scheduler-thread-1] INFO  com.example.demo.task.pojodask - 现在时间:2019-11-17 16-26-18
2019-11-17 16:26:18.555 [spring-task-scheduler-thread-4] INFO  com.example.demo.task.pojodask - 现在时间111:2019-11-17 16-26-18
2019-11-17 16:26:19.290 [http-nio-8081-exec-9] INFO  com.example.demo.controller.TuserController - logback-info 成功了
2019-11-17 16:26:19.555 [spring-task-scheduler-thread-4] INFO  com.example.demo.task.pojodask - 现在时间111:2019-11-17 16-26-19
2019-11-17 16:26:19.555 [spring-task-scheduler-thread-3] INFO  com.example.demo.task.pojodask - 现在时间:2019-11-17 16-26-19
2019-11-17 16:26:20.415 [http-nio-8081-exec-10] INFO  com.example.demo.controller.TuserController - logback-info 成功了
2019-11-17 16:26:20.556 [spring-task-scheduler-thread-1] INFO  com.example.demo.task.pojodask - 现在时间:2019-11-17 16-26-20
2019-11-17 16:26:20.556 [spring-task-scheduler-thread-4] INFO  com.example.demo.task.pojodask - 现在时间111:2019-11-17 16-26-20
2019-11-17 16:26:21.555 [spring-task-scheduler-thread-1] INFO  com.example.demo.task.pojodask - 现在时间:2019-11-17 16-26-21
2019-11-17 16:26:21.555 [spring-task-scheduler-thread-2] INFO  com.example.demo.task.pojodask - 现在时间111:2019-11-17 16-26-21
2019-11-17 16:26:22.555 [http-nio-8081-exec-1] INFO  com.example.demo.controller.TuserController - logback 成功了
2019-11-17 16:26:22.556 [spring-task-scheduler-thread-4] INFO  com.example.demo.task.pojodask - 现在时间:2019-11-17 16-26-22
2019-11-17 16:26:22.556 [spring-task-scheduler-thread-2] INFO  com.example.demo.task.pojodask - 现在时间111:2019-11-17 16-26-22
2019-11-17 16:26:23.556 [spring-task-scheduler-thread-1] INFO  com.example.demo.task.pojodask - 现在时间:2019-11-17 16-26-23
2019-11-17 16:26:23.556 [spring-task-scheduler-thread-4] INFO  com.example.demo.task.pojodask - 现在时间111:2019-11-17 16-26-23
2019-11-17 16:26:24.555 [spring-task-scheduler-thread-3] INFO  com.example.demo.task.pojodask - 现在时间111:2019-11-17 16-26-24
2019-11-17 16:26:24.555 [spring-task-scheduler-thread-1] INFO  com.example.demo.task.pojodask - 现在时间:2019-11-17 16-26-24
2019-11-17 16:26:25.555 [spring-task-scheduler-thread-4] INFO  com.example.demo.task.pojodask - 现在时间111:2019-11-17 16-26-25
2019-11-17 16:26:25.555 [spring-task-scheduler-thread-4] INFO  com.example.demo.task.pojodask - 现在时间:2019-11-17 16-26-25
2019-11-17 16:26:26.555 [spring-task-scheduler-thread-1] INFO  com.example.demo.task.pojodask - 现在时间:2019-11-17 16-26-26
2019-11-17 16:26:26.555 [spring-task-scheduler-thread-3] INFO  com.example.demo.task.pojodask - 现在时间111:2019-11-17 16-26-26
2019-11-17 16:26:27.556 [spring-task-scheduler-thread-2] INFO  com.example.demo.task.pojodask - 现在时间111:2019-11-17 16-26-27
2019-11-17 16:26:27.556 [spring-task-scheduler-thread-1] INFO  com.example.demo.task.pojodask - 现在时间:2019-11-17 16-26-27
2019-11-17 16:26:28.556 [spring-task-scheduler-thread-2] INFO  com.example.demo.task.pojodask - 现在时间111:2019-11-17 16-26-28
2019-11-17 16:26:28.556 [spring-task-scheduler-thread-3] INFO  com.example.demo.task.pojodask - 现在时间:2019-11-17 16-26-28
2019-11-17 16:26:29.555 [spring-task-scheduler-thread-2] INFO  com.example.demo.task.pojodask - 现在时间111:2019-11-17 16-26-29
2019-11-17 16:26:29.555 [spring-task-scheduler-thread-1] INFO  com.example.demo.task.pojodask - 现在时间:2019-11-17 16-26-29
2019-11-17 16:26:30.555 [spring-task-scheduler-thread-2] INFO  com.example.demo.task.pojodask - 现在时间:2019-11-17 16-26-30
2019-11-17 16:26:30.555 [spring-task-scheduler-thread-4] INFO  com.example.demo.task.pojodask - 现在时间111:2019-11-17 16-26-30
2019-11-17 16:26:31.555 [spring-task-scheduler-thread-4] INFO  com.example.demo.task.pojodask - 现在时间111:2019-11-17 16-26-31
2019-11-17 16:26:31.555 [spring-task-scheduler-thread-1] INFO  com.example.demo.task.pojodask - 现在时间:2019-11-17 16-26-31
2019-11-17 16:26:32.555 [spring-task-scheduler-thread-4] INFO  com.example.demo.task.pojodask - 现在时间111:2019-11-17 16-26-32
2019-11-17 16:26:32.555 [spring-task-scheduler-thread-4] INFO  com.example.demo.task.pojodask - 现在时间:2019-11-17 16-26-32
2019-11-17 16:26:33.556 [spring-task-scheduler-thread-3] INFO  com.example.demo.task.pojodask - 现在时间:2019-11-17 16-26-33
2019-11-17 16:26:33.556 [spring-task-scheduler-thread-1] INFO  com.example.demo.task.pojodask - 现在时间111:2019-11-17 16-26-33
2019-11-17 16:26:34.555 [spring-task-scheduler-thread-4] INFO  com.example.demo.task.pojodask - 现在时间:2019-11-17 16-26-34
2019-11-17 16:26:34.556 [spring-task-scheduler-thread-1] INFO  com.example.demo.task.pojodask - 现在时间111:2019-11-17 16-26-34
2019-11-17 16:26:35.555 [spring-task-scheduler-thread-4] INFO  com.example.demo.task.pojodask - 现在时间111:2019-11-17 16-26-35
2019-11-17 16:26:35.555 [spring-task-scheduler-thread-4] INFO  com.example.demo.task.pojodask - 现在时间:2019-11-17 16-26-35
2019-11-17 16:26:36.555 [spring-task-scheduler-thread-1] INFO  com.example.demo.task.pojodask - 现在时间111:2019-11-17 16-26-36
2019-11-17 16:26:36.555 [spring-task-scheduler-thread-2] INFO  com.example.demo.task.pojodask - 现在时间:2019-11-17 16-26-36
2019-11-17 16:26:37.556 [spring-task-scheduler-thread-1] INFO  com.example.demo.task.pojodask - 现在时间111:2019-11-17 16-26-37
2019-11-17 16:26:37.556 [spring-task-scheduler-thread-4] INFO  com.example.demo.task.pojodask - 现在时间:2019-11-17 16-26-37
2019-11-17 16:26:38.555 [spring-task-scheduler-thread-2] INFO  com.example.demo.task.pojodask - 现在时间:2019-11-17 16-26-38
2019-11-17 16:26:38.555 [spring-task-scheduler-thread-1] INFO  com.example.demo.task.pojodask - 现在时间111:2019-11-17 16-26-38
2019-11-17 16:26:39.556 [spring-task-scheduler-thread-2] INFO  com.example.demo.task.pojodask - 现在时间:2019-11-17 16-26-39
2019-11-17 16:26:39.556 [spring-task-scheduler-thread-3] INFO  com.example.demo.task.pojodask - 现在时间111:2019-11-17 16-26-39
2019-11-17 16:26:40.555 [spring-task-scheduler-thread-1] INFO  com.example.demo.task.pojodask - 现在时间:2019-11-17 16-26-40
2019-11-17 16:26:40.555 [spring-task-scheduler-thread-3] INFO  com.example.demo.task.pojodask - 现在时间111:2019-11-17 16-26-40
2019-11-17 16:26:41.556 [spring-task-scheduler-thread-2] INFO  com.example.demo.task.pojodask - 现在时间:2019-11-17 16-26-41
2019-11-17 16:26:41.556 [spring-task-scheduler-thread-3] INFO  com.example.demo.task.pojodask - 现在时间111:2019-11-17 16-26-41
2019-11-17 16:26:42.557 [spring-task-scheduler-thread-2] INFO  com.example.demo.task.pojodask - 现在时间111:2019-11-17 16-26-42
2019-11-17 16:26:42.557 [spring-task-scheduler-thread-3] INFO  com.example.demo.task.pojodask - 现在时间:2019-11-17 16-26-42
2019-11-17 16:26:43.555 [spring-task-scheduler-thread-4] INFO  com.example.demo.task.pojodask - 现在时间111:2019-11-17 16-26-43
2019-11-17 16:26:43.555 [spring-task-scheduler-thread-2] INFO  com.example.demo.task.pojodask - 现在时间:2019-11-17 16-26-43
2019-11-17 16:26:44.556 [spring-task-scheduler-thread-2] INFO  com.example.demo.task.pojodask - 现在时间111:2019-11-17 16-26-44
2019-11-17 16:26:44.556 [spring-task-scheduler-thread-4] INFO  com.example.demo.task.pojodask - 现在时间:2019-11-17 16-26-44
2019-11-17 16:26:45.556 [spring-task-scheduler-thread-3] INFO  com.example.demo.task.pojodask - 现在时间:2019-11-17 16-26-45
2019-11-17 16:26:45.556 [spring-task-scheduler-thread-2] INFO  com.example.demo.task.pojodask - 现在时间111:2019-11-17 16-26-45
2019-11-17 16:26:46.557 [spring-task-scheduler-thread-1] INFO  com.example.demo.task.pojodask - 现在时间111:2019-11-17 16-26-46
2019-11-17 16:26:46.557 [spring-task-scheduler-thread-3] INFO  com.example.demo.task.pojodask - 现在时间:2019-11-17 16-26-46
2019-11-17 16:26:47.555 [spring-task-scheduler-thread-1] INFO  com.example.demo.task.pojodask - 现在时间:2019-11-17 16-26-47
2019-11-17 16:26:47.555 [spring-task-scheduler-thread-2] INFO  com.example.demo.task.pojodask - 现在时间111:2019-11-17 16-26-47
2019-11-17 16:26:48.556 [spring-task-scheduler-thread-3] INFO  com.example.demo.task.pojodask - 现在时间:2019-11-17 16-26-48
2019-11-17 16:26:48.556 [spring-task-scheduler-thread-2] INFO  com.example.demo.task.pojodask - 现在时间111:2019-11-17 16-26-48
2019-11-17 16:26:49.556 [spring-task-scheduler-thread-4] INFO  com.example.demo.task.pojodask - 现在时间111:2019-11-17 16-26-49
2019-11-17 16:26:49.556 [spring-task-scheduler-thread-3] INFO  com.example.demo.task.pojodask - 现在时间:2019-11-17 16-26-49
2019-11-17 16:26:50.555 [spring-task-scheduler-thread-3] INFO  com.example.demo.task.pojodask - 现在时间:2019-11-17 16-26-50
2019-11-17 16:26:50.555 [spring-task-scheduler-thread-4] INFO  com.example.demo.task.pojodask - 现在时间111:2019-11-17 16-26-50
2019-11-17 16:26:51.556 [spring-task-scheduler-thread-2] INFO  com.example.demo.task.pojodask - 现在时间:2019-11-17 16-26-51
2019-11-17 16:26:51.556 [spring-task-scheduler-thread-4] INFO  com.example.demo.task.pojodask - 现在时间111:2019-11-17 16-26-51
2019-11-17 16:26:52.556 [spring-task-scheduler-thread-2] INFO  com.example.demo.task.pojodask - 现在时间:2019-11-17 16-26-52
2019-11-17 16:26:52.556 [spring-task-scheduler-thread-1] INFO  com.example.demo.task.pojodask - 现在时间111:2019-11-17 16-26-52
2019-11-17 16:26:53.556 [spring-task-scheduler-thread-4] INFO  com.example.demo.task.pojodask - 现在时间:2019-11-17 16-26-53
2019-11-17 16:26:53.556 [spring-task-scheduler-thread-1] INFO  com.example.demo.task.pojodask - 现在时间111:2019-11-17 16-26-53
2019-11-17 16:26:54.555 [spring-task-scheduler-thread-1] INFO  com.example.demo.task.pojodask - 现在时间:2019-11-17 16-26-54
2019-11-17 16:26:54.555 [spring-task-scheduler-thread-2] INFO  com.example.demo.task.pojodask - 现在时间111:2019-11-17 16-26-54
2019-11-17 16:26:55.555 [spring-task-scheduler-thread-2] INFO  com.example.demo.task.pojodask - 现在时间:2019-11-17 16-26-55
2019-11-17 16:26:55.555 [spring-task-scheduler-thread-3] INFO  com.example.demo.task.pojodask - 现在时间111:2019-11-17 16-26-55
2019-11-17 16:26:56.556 [spring-task-scheduler-thread-3] INFO  com.example.demo.task.pojodask - 现在时间:2019-11-17 16-26-56
2019-11-17 16:26:56.556 [spring-task-scheduler-thread-1] INFO  com.example.demo.task.pojodask - 现在时间111:2019-11-17 16-26-56
2019-11-17 16:26:57.556 [spring-task-scheduler-thread-1] INFO  com.example.demo.task.pojodask - 现在时间111:2019-11-17 16-26-57
2019-11-17 16:26:57.556 [spring-task-scheduler-thread-2] INFO  com.example.demo.task.pojodask - 现在时间:2019-11-17 16-26-57
2019-11-17 16:26:58.555 [spring-task-scheduler-thread-4] INFO  com.example.demo.task.pojodask - 现在时间111:2019-11-17 16-26-58
2019-11-17 16:26:58.555 [spring-task-scheduler-thread-1] INFO  com.example.demo.task.pojodask - 现在时间:2019-11-17 16-26-58
2019-11-17 16:26:59.557 [spring-task-scheduler-thread-4] INFO  com.example.demo.task.pojodask - 现在时间:2019-11-17 16-26-59
2019-11-17 16:26:59.557 [spring-task-scheduler-thread-2] INFO  com.example.demo.task.pojodask - 现在时间111:2019-11-17 16-26-59
2019-11-17 16:27:00.566 [spring-task-scheduler-thread-1] INFO  com.example.demo.task.pojodask - 现在时间:2019-11-17 16-27-00
2019-11-17 16:27:00.566 [spring-task-scheduler-thread-2] INFO  com.example.demo.task.pojodask - 现在时间111:2019-11-17 16-27-00
2019-11-17 16:27:01.555 [spring-task-scheduler-thread-1] INFO  com.example.demo.task.pojodask - 现在时间:2019-11-17 16-27-01
2019-11-17 16:27:01.555 [spring-task-scheduler-thread-3] INFO  com.example.demo.task.pojodask - 现在时间111:2019-11-17 16-27-01
2019-11-17 16:27:02.556 [spring-task-scheduler-thread-3] INFO  com.example.demo.task.pojodask - 现在时间111:2019-11-17 16-27-02
2019-11-17 16:27:02.556 [spring-task-scheduler-thread-2] INFO  com.example.demo.task.pojodask - 现在时间:2019-11-17 16-27-02
2019-11-17 16:27:03.555 [spring-task-scheduler-thread-1] INFO  com.example.demo.task.pojodask - 现在时间:2019-11-17 16-27-03
2019-11-17 16:27:03.555 [spring-task-scheduler-thread-3] INFO  com.example.demo.task.pojodask - 现在时间111:2019-11-17 16-27-03
2019-11-17 16:27:04.564 [spring-task-scheduler-thread-3] INFO  com.example.demo.task.pojodask - 现在时间:2019-11-17 16-27-04
2019-11-17 16:27:04.564 [spring-task-scheduler-thread-2] INFO  com.example.demo.task.pojodask - 现在时间111:2019-11-17 16-27-04
2019-11-17 16:27:05.556 [spring-task-scheduler-thread-3] INFO  com.example.demo.task.pojodask - 现在时间:2019-11-17 16-27-05
2019-11-17 16:27:05.556 [spring-task-scheduler-thread-4] INFO  com.example.demo.task.pojodask - 现在时间111:2019-11-17 16-27-05
2019-11-17 16:27:06.556 [spring-task-scheduler-thread-3] INFO  com.example.demo.task.pojodask - 现在时间:2019-11-17 16-27-06
2019-11-17 16:27:06.556 [spring-task-scheduler-thread-2] INFO  com.example.demo.task.pojodask - 现在时间111:2019-11-17 16-27-06
2019-11-17 16:27:07.555 [spring-task-scheduler-thread-4] INFO  com.example.demo.task.pojodask - 现在时间:2019-11-17 16-27-07
2019-11-17 16:27:07.555 [spring-task-scheduler-thread-2] INFO  com.example.demo.task.pojodask - 现在时间111:2019-11-17 16-27-07
2019-11-17 16:27:08.568 [spring-task-scheduler-thread-4] INFO  com.example.demo.task.pojodask - 现在时间:2019-11-17 16-27-08
2019-11-17 16:27:08.568 [spring-task-scheduler-thread-1] INFO  com.example.demo.task.pojodask - 现在时间111:2019-11-17 16-27-08
2019-11-17 16:27:09.556 [spring-task-scheduler-thread-1] INFO  com.example.demo.task.pojodask - 现在时间111:2019-11-17 16-27-09
2019-11-17 16:27:09.556 [spring-task-scheduler-thread-2] INFO  com.example.demo.task.pojodask - 现在时间:2019-11-17 16-27-09
2019-11-17 16:27:10.555 [spring-task-scheduler-thread-4] INFO  com.example.demo.task.pojodask - 现在时间111:2019-11-17 16-27-10
2019-11-17 16:27:10.555 [spring-task-scheduler-thread-4] INFO  com.example.demo.task.pojodask - 现在时间:2019-11-17 16-27-10
2019-11-17 16:27:11.555 [spring-task-scheduler-thread-3] INFO  com.example.demo.task.pojodask - 现在时间:2019-11-17 16-27-11
2019-11-17 16:27:11.555 [spring-task-scheduler-thread-2] INFO  com.example.demo.task.pojodask - 现在时间111:2019-11-17 16-27-11
2019-11-17 16:27:12.555 [spring-task-scheduler-thread-4] INFO  com.example.demo.task.pojodask - 现在时间:2019-11-17 16-27-12
2019-11-17 16:27:12.555 [spring-task-scheduler-thread-2] INFO  com.example.demo.task.pojodask - 现在时间111:2019-11-17 16-27-12
2019-11-17 16:27:13.555 [spring-task-scheduler-thread-3] INFO  com.example.demo.task.pojodask - 现在时间:2019-11-17 16-27-13
2019-11-17 16:27:13.555 [spring-task-scheduler-thread-2] INFO  com.example.demo.task.pojodask - 现在时间111:2019-11-17 16-27-13
2019-11-17 16:27:14.556 [spring-task-scheduler-thread-3] INFO  com.example.demo.task.pojodask - 现在时间:2019-11-17 16-27-14
2019-11-17 16:27:14.556 [spring-task-scheduler-thread-1] INFO  com.example.demo.task.pojodask - 现在时间111:2019-11-17 16-27-14
2019-11-17 16:27:15.555 [spring-task-scheduler-thread-1] INFO  com.example.demo.task.pojodask - 现在时间:2019-11-17 16-27-15
2019-11-17 16:27:15.555 [spring-task-scheduler-thread-2] INFO  com.example.demo.task.pojodask - 现在时间111:2019-11-17 16-27-15
2019-11-17 16:27:16.556 [spring-task-scheduler-thread-3] INFO  com.example.demo.task.pojodask - 现在时间:2019-11-17 16-27-16
2019-11-17 16:27:16.556 [spring-task-scheduler-thread-2] INFO  com.example.demo.task.pojodask - 现在时间111:2019-11-17 16-27-16
2019-11-17 16:27:17.556 [spring-task-scheduler-thread-3] INFO  com.example.demo.task.pojodask - 现在时间:2019-11-17 16-27-17
2019-11-17 16:27:17.556 [spring-task-scheduler-thread-4] INFO  com.example.demo.task.pojodask - 现在时间111:2019-11-17 16-27-17
2019-11-17 16:27:18.556 [spring-task-scheduler-thread-4] INFO  com.example.demo.task.pojodask - 现在时间111:2019-11-17 16-27-18
2019-11-17 16:27:18.556 [spring-task-scheduler-thread-2] INFO  com.example.demo.task.pojodask - 现在时间:2019-11-17 16-27-18
2019-11-17 16:27:19.555 [spring-task-scheduler-thread-4] INFO  com.example.demo.task.pojodask - 现在时间111:2019-11-17 16-27-19
2019-11-17 16:27:19.555 [spring-task-scheduler-thread-3] INFO  com.example.demo.task.pojodask - 现在时间:2019-11-17 16-27-19
2019-11-17 16:27:20.556 [spring-task-scheduler-thread-4] INFO  com.example.demo.task.pojodask - 现在时间:2019-11-17 16-27-20
2019-11-17 16:27:20.556 [spring-task-scheduler-thread-1] INFO  com.example.demo.task.pojodask - 现在时间111:2019-11-17 16-27-20
2019-11-17 16:27:21.555 [spring-task-scheduler-thread-1] INFO  com.example.demo.task.pojodask - 现在时间111:2019-11-17 16-27-21
2019-11-17 16:27:21.555 [spring-task-scheduler-thread-3] INFO  com.example.demo.task.pojodask - 现在时间:2019-11-17 16-27-21
2019-11-17 16:27:22.555 [spring-task-scheduler-thread-4] INFO  com.example.demo.task.pojodask - 现在时间:2019-11-17 16-27-22
2019-11-17 16:27:22.555 [spring-task-scheduler-thread-1] INFO  com.example.demo.task.pojodask - 现在时间111:2019-11-17 16-27-22
2019-11-17 16:27:23.555 [spring-task-scheduler-thread-4] INFO  com.example.demo.task.pojodask - 现在时间:2019-11-17 16-27-23
2019-11-17 16:27:23.555 [spring-task-scheduler-thread-2] INFO  com.example.demo.task.pojodask - 现在时间111:2019-11-17 16-27-23
2019-11-17 16:27:24.555 [spring-task-scheduler-thread-2] INFO  com.example.demo.task.pojodask - 现在时间111:2019-11-17 16-27-24
2019-11-17 16:27:24.555 [spring-task-scheduler-thread-1] INFO  com.example.demo.task.pojodask - 现在时间:2019-11-17 16-27-24
2019-11-17 16:27:25.555 [spring-task-scheduler-thread-1] INFO  com.example.demo.task.pojodask - 现在时间:2019-11-17 16-27-25
2019-11-17 16:27:25.555 [spring-task-scheduler-thread-2] INFO  com.example.demo.task.pojodask - 现在时间111:2019-11-17 16-27-25
2019-11-17 16:27:26.555 [spring-task-scheduler-thread-1] INFO  com.example.demo.task.pojodask - 现在时间:2019-11-17 16-27-26
2019-11-17 16:27:26.555 [spring-task-scheduler-thread-3] INFO  com.example.demo.task.pojodask - 现在时间111:2019-11-17 16-27-26
2019-11-17 16:27:27.555 [spring-task-scheduler-thread-1] INFO  com.example.demo.task.pojodask - 现在时间:2019-11-17 16-27-27
2019-11-17 16:27:27.555 [spring-task-scheduler-thread-2] INFO  com.example.demo.task.pojodask - 现在时间111:2019-11-17 16-27-27
2019-11-17 16:27:28.556 [spring-task-scheduler-thread-2] INFO  com.example.demo.task.pojodask - 现在时间111:2019-11-17 16-27-28
2019-11-17 16:27:28.556 [spring-task-scheduler-thread-3] INFO  com.example.demo.task.pojodask - 现在时间:2019-11-17 16-27-28
2019-11-17 16:27:29.556 [spring-task-scheduler-thread-3] INFO  com.example.demo.task.pojodask - 现在时间:2019-11-17 16-27-29
2019-11-17 16:27:29.556 [spring-task-scheduler-thread-1] INFO  com.example.demo.task.pojodask - 现在时间111:2019-11-17 16-27-29
2019-11-17 16:27:30.556 [spring-task-scheduler-thread-3] INFO  com.example.demo.task.pojodask - 现在时间:2019-11-17 16-27-30
2019-11-17 16:27:30.556 [spring-task-scheduler-thread-4] INFO  com.example.demo.task.pojodask - 现在时间111:2019-11-17 16-27-30
2019-11-17 16:27:31.556 [spring-task-scheduler-thread-1] INFO  com.example.demo.task.pojodask - 现在时间:2019-11-17 16-27-31
2019-11-17 16:27:31.556 [spring-task-scheduler-thread-3] INFO  com.example.demo.task.pojodask - 现在时间111:2019-11-17 16-27-31
2019-11-17 16:27:32.564 [spring-task-scheduler-thread-3] INFO  com.example.demo.task.pojodask - 现在时间111:2019-11-17 16-27-32
2019-11-17 16:27:32.564 [spring-task-scheduler-thread-4] INFO  com.example.demo.task.pojodask - 现在时间:2019-11-17 16-27-32
2019-11-17 16:27:33.556 [spring-task-scheduler-thread-3] INFO  com.example.demo.task.pojodask - 现在时间:2019-11-17 16-27-33
2019-11-17 16:27:33.556 [spring-task-scheduler-thread-2] INFO  com.example.demo.task.pojodask - 现在时间111:2019-11-17 16-27-33
2019-11-17 16:27:34.557 [spring-task-scheduler-thread-4] INFO  com.example.demo.task.pojodask - 现在时间:2019-11-17 16-27-34
2019-11-17 16:27:34.557 [spring-task-scheduler-thread-2] INFO  com.example.demo.task.pojodask - 现在时间111:2019-11-17 16-27-34
2019-11-17 16:27:35.556 [spring-task-scheduler-thread-3] INFO  com.example.demo.task.pojodask - 现在时间:2019-11-17 16-27-35
2019-11-17 16:27:35.556 [spring-task-scheduler-thread-2] INFO  com.example.demo.task.pojodask - 现在时间111:2019-11-17 16-27-35
2019-11-17 16:27:36.555 [spring-task-scheduler-thread-3] INFO  com.example.demo.task.pojodask - 现在时间:2019-11-17 16-27-36
2019-11-17 16:27:36.555 [spring-task-scheduler-thread-1] INFO  com.example.demo.task.pojodask - 现在时间111:2019-11-17 16-27-36
2019-11-17 16:27:37.555 [spring-task-scheduler-thread-1] INFO  com.example.demo.task.pojodask - 现在时间111:2019-11-17 16-27-37
2019-11-17 16:27:37.555 [spring-task-scheduler-thread-2] INFO  com.example.demo.task.pojodask - 现在时间:2019-11-17 16-27-37
2019-11-17 16:27:38.556 [spring-task-scheduler-thread-1] INFO  com.example.demo.task.pojodask - 现在时间:2019-11-17 16-27-38
2019-11-17 16:27:38.556 [spring-task-scheduler-thread-3] INFO  com.example.demo.task.pojodask - 现在时间111:2019-11-17 16-27-38
2019-11-17 16:27:39.555 [spring-task-scheduler-thread-1] INFO  com.example.demo.task.pojodask - 现在时间:2019-11-17 16-27-39
2019-11-17 16:27:39.555 [spring-task-scheduler-thread-4] INFO  com.example.demo.task.pojodask - 现在时间111:2019-11-17 16-27-39
2019-11-17 16:27:40.556 [spring-task-scheduler-thread-3] INFO  com.example.demo.task.pojodask - 现在时间:2019-11-17 16-27-40
2019-11-17 16:27:40.556 [spring-task-scheduler-thread-4] INFO  com.example.demo.task.pojodask - 现在时间111:2019-11-17 16-27-40
2019-11-17 16:27:41.555 [spring-task-scheduler-thread-3] INFO  com.example.demo.task.pojodask - 现在时间:2019-11-17 16-27-41
2019-11-17 16:27:41.555 [spring-task-scheduler-thread-2] INFO  com.example.demo.task.pojodask - 现在时间111:2019-11-17 16-27-41
2019-11-17 16:27:42.557 [spring-task-scheduler-thread-1] INFO  com.example.demo.task.pojodask - 现在时间111:2019-11-17 16-27-42
2019-11-17 16:27:42.557 [spring-task-scheduler-thread-3] INFO  com.example.demo.task.pojodask - 现在时间:2019-11-17 16-27-42
2019-11-17 16:27:43.555 [spring-task-scheduler-thread-1] INFO  com.example.demo.task.pojodask - 现在时间:2019-11-17 16-27-43
2019-11-17 16:27:43.555 [spring-task-scheduler-thread-4] INFO  com.example.demo.task.pojodask - 现在时间111:2019-11-17 16-27-43
2019-11-17 16:27:44.555 [spring-task-scheduler-thread-1] INFO  com.example.demo.task.pojodask - 现在时间:2019-11-17 16-27-44
2019-11-17 16:27:44.555 [spring-task-scheduler-thread-2] INFO  com.example.demo.task.pojodask - 现在时间111:2019-11-17 16-27-44
2019-11-17 16:27:45.555 [spring-task-scheduler-thread-3] INFO  com.example.demo.task.pojodask - 现在时间111:2019-11-17 16-27-45
2019-11-17 16:27:45.555 [spring-task-scheduler-thread-1] INFO  com.example.demo.task.pojodask - 现在时间:2019-11-17 16-27-45
2019-11-17 16:27:46.556 [spring-task-scheduler-thread-4] INFO  com.example.demo.task.pojodask - 现在时间111:2019-11-17 16-27-46
2019-11-17 16:27:46.556 [spring-task-scheduler-thread-3] INFO  com.example.demo.task.pojodask - 现在时间:2019-11-17 16-27-46
2019-11-17 16:27:47.555 [spring-task-scheduler-thread-4] INFO  com.example.demo.task.pojodask - 现在时间:2019-11-17 16-27-47
2019-11-17 16:27:47.555 [spring-task-scheduler-thread-2] INFO  com.example.demo.task.pojodask - 现在时间111:2019-11-17 16-27-47
2019-11-17 16:27:48.559 [spring-task-scheduler-thread-4] INFO  com.example.demo.task.pojodask - 现在时间:2019-11-17 16-27-48
2019-11-17 16:27:48.559 [spring-task-scheduler-thread-1] INFO  com.example.demo.task.pojodask - 现在时间111:2019-11-17 16-27-48
2019-11-17 16:27:49.555 [spring-task-scheduler-thread-3] INFO  com.example.demo.task.pojodask - 现在时间111:2019-11-17 16-27-49
2019-11-17 16:27:49.555 [spring-task-scheduler-thread-2] INFO  com.example.demo.task.pojodask - 现在时间:2019-11-17 16-27-49
2019-11-17 16:27:50.555 [spring-task-scheduler-thread-4] INFO  com.example.demo.task.pojodask - 现在时间111:2019-11-17 16-27-50
2019-11-17 16:27:50.555 [spring-task-scheduler-thread-3] INFO  com.example.demo.task.pojodask - 现在时间:2019-11-17 16-27-50
2019-11-17 16:27:51.555 [spring-task-scheduler-thread-4] INFO  com.example.demo.task.pojodask - 现在时间:2019-11-17 16-27-51
2019-11-17 16:27:51.555 [spring-task-scheduler-thread-1] INFO  com.example.demo.task.pojodask - 现在时间111:2019-11-17 16-27-51
2019-11-17 16:27:52.556 [spring-task-scheduler-thread-3] INFO  com.example.demo.task.pojodask - 现在时间:2019-11-17 16-27-52
2019-11-17 16:27:52.556 [spring-task-scheduler-thread-1] INFO  com.example.demo.task.pojodask - 现在时间111:2019-11-17 16-27-52
2019-11-17 16:27:53.555 [spring-task-scheduler-thread-2] INFO  com.example.demo.task.pojodask - 现在时间:2019-11-17 16-27-53
2019-11-17 16:27:53.555 [spring-task-scheduler-thread-1] INFO  com.example.demo.task.pojodask - 现在时间111:2019-11-17 16-27-53
2019-11-17 16:27:57.298 [main] INFO  com.example.demo.DemoApplication - Starting DemoApplication on DESKTOP-VGJR4R4 with PID 1116 (D:\IdeaProjects\demo1112\target\classes started by ZHY in D:\IdeaProjects\demo1112)
2019-11-17 16:27:57.298 [main] INFO  com.example.demo.DemoApplication - The following profiles are active: dev
2019-11-17 16:27:57.947 [main] INFO  o.s.c.s.PostProcessorRegistrationDelegate$BeanPostProcessorChecker - Bean 'shiroConfig' of type [com.example.demo.shiro.ShiroConfig$$EnhancerBySpringCGLIB$$ac85f75f] is not eligible for getting processed by all BeanPostProcessors (for example: not eligible for auto-proxying)
2019-11-17 16:27:57.953 [main] INFO  o.s.c.s.PostProcessorRegistrationDelegate$BeanPostProcessorChecker - Bean 'org.springframework.transaction.annotation.ProxyTransactionManagementConfiguration' of type [org.springframework.transaction.annotation.ProxyTransactionManagementConfiguration] is not eligible for getting processed by all BeanPostProcessors (for example: not eligible for auto-proxying)
2019-11-17 16:27:58.028 [main] INFO  o.s.c.s.PostProcessorRegistrationDelegate$BeanPostProcessorChecker - Bean 'mybatis-org.mybatis.spring.boot.autoconfigure.MybatisProperties' of type [org.mybatis.spring.boot.autoconfigure.MybatisProperties] is not eligible for getting processed by all BeanPostProcessors (for example: not eligible for auto-proxying)
2019-11-17 16:27:58.032 [main] INFO  o.s.c.s.PostProcessorRegistrationDelegate$BeanPostProcessorChecker - Bean 'org.mybatis.spring.boot.autoconfigure.MybatisAutoConfiguration' of type [org.mybatis.spring.boot.autoconfigure.MybatisAutoConfiguration$$EnhancerBySpringCGLIB$$93da25ee] is not eligible for getting processed by all BeanPostProcessors (for example: not eligible for auto-proxying)
2019-11-17 16:27:58.036 [main] INFO  o.s.c.s.PostProcessorRegistrationDelegate$BeanPostProcessorChecker - Bean 'org.springframework.boot.autoconfigure.jdbc.DataSourceConfiguration$Hikari' of type [org.springframework.boot.autoconfigure.jdbc.DataSourceConfiguration$Hikari] is not eligible for getting processed by all BeanPostProcessors (for example: not eligible for auto-proxying)
2019-11-17 16:27:58.045 [main] INFO  o.s.c.s.PostProcessorRegistrationDelegate$BeanPostProcessorChecker - Bean 'spring.datasource-org.springframework.boot.autoconfigure.jdbc.DataSourceProperties' of type [org.springframework.boot.autoconfigure.jdbc.DataSourceProperties] is not eligible for getting processed by all BeanPostProcessors (for example: not eligible for auto-proxying)
2019-11-17 16:27:58.061 [main] INFO  o.s.c.s.PostProcessorRegistrationDelegate$BeanPostProcessorChecker - Bean 'dataSource' of type [com.zaxxer.hikari.HikariDataSource] is not eligible for getting processed by all BeanPostProcessors (for example: not eligible for auto-proxying)
2019-11-17 16:27:58.068 [main] INFO  o.s.c.s.PostProcessorRegistrationDelegate$BeanPostProcessorChecker - Bean 'org.springframework.boot.autoconfigure.jdbc.DataSourceInitializerInvoker' of type [org.springframework.boot.autoconfigure.jdbc.DataSourceInitializerInvoker] is not eligible for getting processed by all BeanPostProcessors (for example: not eligible for auto-proxying)
2019-11-17 16:27:58.191 [main] INFO  o.s.c.s.PostProcessorRegistrationDelegate$BeanPostProcessorChecker - Bean 'sqlSessionFactory' of type [org.apache.ibatis.session.defaults.DefaultSqlSessionFactory] is not eligible for getting processed by all BeanPostProcessors (for example: not eligible for auto-proxying)
2019-11-17 16:27:58.194 [main] INFO  o.s.c.s.PostProcessorRegistrationDelegate$BeanPostProcessorChecker - Bean 'sqlSessionTemplate' of type [org.mybatis.spring.SqlSessionTemplate] is not eligible for getting processed by all BeanPostProcessors (for example: not eligible for auto-proxying)
2019-11-17 16:27:58.249 [main] INFO  o.s.c.s.PostProcessorRegistrationDelegate$BeanPostProcessorChecker - Bean 'sysUserMapper' of type [tk.mybatis.spring.mapper.MapperFactoryBean] is not eligible for getting processed by all BeanPostProcessors (for example: not eligible for auto-proxying)
2019-11-17 16:27:58.252 [main] INFO  o.s.c.s.PostProcessorRegistrationDelegate$BeanPostProcessorChecker - Bean 'sysUserMapper' of type [com.sun.proxy.$Proxy73] is not eligible for getting processed by all BeanPostProcessors (for example: not eligible for auto-proxying)
2019-11-17 16:27:58.255 [main] INFO  o.s.c.s.PostProcessorRegistrationDelegate$BeanPostProcessorChecker - Bean 'sysuserServiceimpl' of type [com.example.demo.service.impl.SysuserServiceimpl] is not eligible for getting processed by all BeanPostProcessors (for example: not eligible for auto-proxying)
2019-11-17 16:27:58.256 [main] INFO  o.s.c.s.PostProcessorRegistrationDelegate$BeanPostProcessorChecker - Bean 'userRealm' of type [com.example.demo.shiro.UserRealm] is not eligible for getting processed by all BeanPostProcessors (for example: not eligible for auto-proxying)
2019-11-17 16:27:58.629 [main] INFO  o.s.c.s.PostProcessorRegistrationDelegate$BeanPostProcessorChecker - Bean 'defaultWebSecurityManager' of type [org.apache.shiro.web.mgt.DefaultWebSecurityManager] is not eligible for getting processed by all BeanPostProcessors (for example: not eligible for auto-proxying)
2019-11-17 16:27:58.805 [main] INFO  o.s.boot.web.embedded.tomcat.TomcatWebServer - Tomcat initialized with port(s): 8081 (http)
2019-11-17 16:27:58.811 [main] INFO  org.apache.coyote.http11.Http11NioProtocol - Initializing ProtocolHandler ["http-nio-8081"]
2019-11-17 16:27:58.812 [main] INFO  org.apache.catalina.core.StandardService - Starting service [Tomcat]
2019-11-17 16:27:58.812 [main] INFO  org.apache.catalina.core.StandardEngine - Starting Servlet engine: [Apache Tomcat/9.0.27]
2019-11-17 16:27:58.813 [main] INFO  org.apache.catalina.core.AprLifecycleListener - Loaded APR based Apache Tomcat Native library [1.2.23] using APR version [1.7.0].
2019-11-17 16:27:58.813 [main] INFO  org.apache.catalina.core.AprLifecycleListener - APR capabilities: IPv6 [true], sendfile [true], accept filters [false], random [true].
2019-11-17 16:27:58.813 [main] INFO  org.apache.catalina.core.AprLifecycleListener - APR/OpenSSL configuration: useAprConnector [false], useOpenSSL [true]
2019-11-17 16:27:58.816 [main] INFO  org.apache.catalina.core.AprLifecycleListener - OpenSSL successfully initialized [OpenSSL 1.1.1c  28 May 2019]
2019-11-17 16:27:58.882 [main] INFO  o.a.c.core.ContainerBase.[Tomcat].[localhost].[/] - Initializing Spring embedded WebApplicationContext
2019-11-17 16:27:58.883 [main] INFO  org.springframework.web.context.ContextLoader - Root WebApplicationContext: initialization completed in 1521 ms
2019-11-17 16:27:59.101 [main] INFO  o.s.scheduling.concurrent.ThreadPoolTaskExecutor - Initializing ExecutorService 'applicationTaskExecutor'
2019-11-17 16:27:59.299 [main] INFO  o.s.scheduling.concurrent.ThreadPoolTaskScheduler - Initializing ExecutorService
2019-11-17 16:27:59.301 [spring-task-scheduler-thread-2] INFO  com.example.demo.task.pojodask - 现在时间:2019-11-17 16-27-59
2019-11-17 16:27:59.301 [spring-task-scheduler-thread-1] INFO  com.example.demo.task.pojodask - 现在时间111:2019-11-17 16-27-59
2019-11-17 16:27:59.303 [main] INFO  org.apache.coyote.http11.Http11NioProtocol - Starting ProtocolHandler ["http-nio-8081"]
2019-11-17 16:27:59.327 [main] INFO  o.s.boot.web.embedded.tomcat.TomcatWebServer - Tomcat started on port(s): 8081 (http) with context path ''
2019-11-17 16:27:59.330 [main] INFO  com.example.demo.DemoApplication - Started DemoApplication in 2.553 seconds (JVM running for 3.357)
2019-11-17 16:28:00.303 [spring-task-scheduler-thread-2] INFO  com.example.demo.task.pojodask - 现在时间111:2019-11-17 16-28-00
2019-11-17 16:28:00.303 [spring-task-scheduler-thread-3] INFO  com.example.demo.task.pojodask - 现在时间:2019-11-17 16-28-00
2019-11-17 16:28:01.310 [spring-task-scheduler-thread-2] INFO  com.example.demo.task.pojodask - 现在时间:2019-11-17 16-28-01
2019-11-17 16:28:01.310 [spring-task-scheduler-thread-1] INFO  com.example.demo.task.pojodask - 现在时间111:2019-11-17 16-28-01
2019-11-17 16:28:01.448 [http-nio-8081-exec-1] INFO  o.a.c.core.ContainerBase.[Tomcat].[localhost].[/] - Initializing Spring DispatcherServlet 'dispatcherServlet'
2019-11-17 16:28:01.448 [http-nio-8081-exec-1] INFO  org.springframework.web.servlet.DispatcherServlet - Initializing Servlet 'dispatcherServlet'
2019-11-17 16:28:01.453 [http-nio-8081-exec-1] INFO  org.springframework.web.servlet.DispatcherServlet - Completed initialization in 5 ms
2019-11-17 16:28:02.301 [spring-task-scheduler-thread-4] INFO  com.example.demo.task.pojodask - 现在时间111:2019-11-17 16-28-02
2019-11-17 16:28:02.301 [spring-task-scheduler-thread-2] INFO  com.example.demo.task.pojodask - 现在时间:2019-11-17 16-28-02
2019-11-17 16:28:03.315 [spring-task-scheduler-thread-4] INFO  com.example.demo.task.pojodask - 现在时间:2019-11-17 16-28-03
2019-11-17 16:28:03.315 [spring-task-scheduler-thread-3] INFO  com.example.demo.task.pojodask - 现在时间111:2019-11-17 16-28-03
2019-11-17 16:28:04.301 [spring-task-scheduler-thread-4] INFO  com.example.demo.task.pojodask - 现在时间:2019-11-17 16-28-04
2019-11-17 16:28:04.301 [spring-task-scheduler-thread-1] INFO  com.example.demo.task.pojodask - 现在时间111:2019-11-17 16-28-04
2019-11-17 16:28:05.302 [spring-task-scheduler-thread-4] INFO  com.example.demo.task.pojodask - 现在时间:2019-11-17 16-28-05
2019-11-17 16:28:05.302 [spring-task-scheduler-thread-2] INFO  com.example.demo.task.pojodask - 现在时间111:2019-11-17 16-28-05
2019-11-17 16:28:06.302 [spring-task-scheduler-thread-4] INFO  com.example.demo.task.pojodask - 现在时间:2019-11-17 16-28-06
2019-11-17 16:28:06.302 [spring-task-scheduler-thread-3] INFO  com.example.demo.task.pojodask - 现在时间111:2019-11-17 16-28-06
2019-11-17 16:28:06.709 [http-nio-8081-exec-3] INFO  com.zaxxer.hikari.HikariDataSource - HikariPool-1 - Starting...
2019-11-17 16:28:07.116 [http-nio-8081-exec-3] INFO  com.zaxxer.hikari.HikariDataSource - HikariPool-1 - Start completed.
2019-11-17 16:28:07.214 [http-nio-8081-exec-4] INFO  com.example.demo.controller.TuserController - logback 成功了
2019-11-17 16:28:07.301 [spring-task-scheduler-thread-1] INFO  com.example.demo.task.pojodask - 现在时间111:2019-11-17 16-28-07
2019-11-17 16:28:07.301 [spring-task-scheduler-thread-3] INFO  com.example.demo.task.pojodask - 现在时间:2019-11-17 16-28-07
2019-11-17 16:28:08.303 [spring-task-scheduler-thread-1] INFO  com.example.demo.task.pojodask - 现在时间:2019-11-17 16-28-08
2019-11-17 16:28:08.303 [spring-task-scheduler-thread-2] INFO  com.example.demo.task.pojodask - 现在时间111:2019-11-17 16-28-08
2019-11-17 16:28:08.980 [http-nio-8081-exec-5] INFO  c.e.demo.controller.jsonController.jsonController - 执行数据库的转换json{"userId":"1e969a57-fbf2-11e9-a992-52540057f105","password":"222","phone":"191","userName":"22"}
2019-11-17 16:28:08.980 [http-nio-8081-exec-5] INFO  c.e.demo.controller.jsonController.jsonController - 执行输出{"Response":{"responseCode":"100","desc":"测试成功"}}
2019-11-17 16:28:08.985 [http-nio-8081-exec-6] INFO  com.example.demo.controller.TuserController - logback 成功了
2019-11-17 16:28:09.303 [spring-task-scheduler-thread-1] INFO  com.example.demo.task.pojodask - 现在时间:2019-11-17 16-28-09
2019-11-17 16:28:09.303 [spring-task-scheduler-thread-4] INFO  com.example.demo.task.pojodask - 现在时间111:2019-11-17 16-28-09
2019-11-17 16:28:10.301 [spring-task-scheduler-thread-1] INFO  com.example.demo.task.pojodask - 现在时间:2019-11-17 16-28-10
2019-11-17 16:28:10.301 [spring-task-scheduler-thread-3] INFO  com.example.demo.task.pojodask - 现在时间111:2019-11-17 16-28-10
2019-11-17 16:28:11.046 [http-nio-8081-exec-7] INFO  c.e.demo.controller.jsonController.jsonController - 执行数据库的转换json{"userId":"7cbf3d6e-fbee-11e9-a992-52540057f105","password":"3333","phone":"33333","userName":"3333"}
2019-11-17 16:28:11.046 [http-nio-8081-exec-7] INFO  c.e.demo.controller.jsonController.jsonController - 执行输出{"Response":{"responseCode":"100","desc":"测试成功"}}
2019-11-17 16:28:11.050 [http-nio-8081-exec-8] INFO  com.example.demo.controller.TuserController - logback 成功了
2019-11-17 16:28:11.301 [spring-task-scheduler-thread-1] INFO  com.example.demo.task.pojodask - 现在时间:2019-11-17 16-28-11
2019-11-17 16:28:11.301 [spring-task-scheduler-thread-2] INFO  com.example.demo.task.pojodask - 现在时间111:2019-11-17 16-28-11
2019-11-17 16:28:11.805 [http-nio-8081-exec-10] INFO  c.e.demo.controller.jsonController.jsonController - 执行数据库的转换json{"userId":"e92259d1-0527-11ea-a992-52540057f105","password":"32323","phone":"2323","userName":"323232"}
2019-11-17 16:28:11.805 [http-nio-8081-exec-10] INFO  c.e.demo.controller.jsonController.jsonController - 执行输出{"Response":{"responseCode":"100","desc":"测试成功"}}
2019-11-17 16:28:11.809 [http-nio-8081-exec-1] INFO  com.example.demo.controller.TuserController - logback 成功了
2019-11-17 16:28:12.301 [spring-task-scheduler-thread-4] INFO  com.example.demo.task.pojodask - 现在时间111:2019-11-17 16-28-12
2019-11-17 16:28:12.301 [spring-task-scheduler-thread-1] INFO  com.example.demo.task.pojodask - 现在时间:2019-11-17 16-28-12
2019-11-17 16:28:13.302 [spring-task-scheduler-thread-4] INFO  com.example.demo.task.pojodask - 现在时间:2019-11-17 16-28-13
2019-11-17 16:28:13.302 [spring-task-scheduler-thread-3] INFO  com.example.demo.task.pojodask - 现在时间111:2019-11-17 16-28-13
2019-11-17 16:28:13.934 [http-nio-8081-exec-2] INFO  com.example.demo.controller.TuserController - logback-info 成功了
2019-11-17 16:28:14.002 [http-nio-8081-exec-3] INFO  com.example.demo.controller.TuserController - logback 成功了
2019-11-17 16:28:14.302 [spring-task-scheduler-thread-4] INFO  com.example.demo.task.pojodask - 现在时间:2019-11-17 16-28-14
2019-11-17 16:28:14.302 [spring-task-scheduler-thread-2] INFO  com.example.demo.task.pojodask - 现在时间111:2019-11-17 16-28-14
2019-11-17 16:28:14.937 [http-nio-8081-exec-4] INFO  com.example.demo.controller.TuserController - logback-info 成功了
2019-11-17 16:28:14.996 [http-nio-8081-exec-5] INFO  com.example.demo.controller.TuserController - logback 成功了
2019-11-17 16:28:15.302 [spring-task-scheduler-thread-1] INFO  com.example.demo.task.pojodask - 现在时间111:2019-11-17 16-28-15
2019-11-17 16:28:15.302 [spring-task-scheduler-thread-4] INFO  com.example.demo.task.pojodask - 现在时间:2019-11-17 16-28-15
2019-11-17 16:28:15.989 [http-nio-8081-exec-6] INFO  com.example.demo.controller.TuserController - logback-info 成功了
2019-11-17 16:28:16.049 [http-nio-8081-exec-7] INFO  com.example.demo.controller.TuserController - logback 成功了
2019-11-17 16:28:16.302 [spring-task-scheduler-thread-1] INFO  com.example.demo.task.pojodask - 现在时间:2019-11-17 16-28-16
2019-11-17 16:28:16.302 [spring-task-scheduler-thread-3] INFO  com.example.demo.task.pojodask - 现在时间111:2019-11-17 16-28-16
2019-11-17 16:28:17.303 [spring-task-scheduler-thread-2] INFO  com.example.demo.task.pojodask - 现在时间111:2019-11-17 16-28-17
2019-11-17 16:28:17.303 [spring-task-scheduler-thread-1] INFO  com.example.demo.task.pojodask - 现在时间:2019-11-17 16-28-17
2019-11-17 16:28:18.302 [spring-task-scheduler-thread-3] INFO  com.example.demo.task.pojodask - 现在时间:2019-11-17 16-28-18
2019-11-17 16:28:18.302 [spring-task-scheduler-thread-2] INFO  com.example.demo.task.pojodask - 现在时间111:2019-11-17 16-28-18
2019-11-17 16:28:19.301 [spring-task-scheduler-thread-3] INFO  com.example.demo.task.pojodask - 现在时间:2019-11-17 16-28-19
2019-11-17 16:28:19.301 [spring-task-scheduler-thread-4] INFO  com.example.demo.task.pojodask - 现在时间111:2019-11-17 16-28-19
2019-11-17 16:28:20.302 [spring-task-scheduler-thread-3] INFO  com.example.demo.task.pojodask - 现在时间:2019-11-17 16-28-20
2019-11-17 16:28:20.302 [spring-task-scheduler-thread-1] INFO  com.example.demo.task.pojodask - 现在时间111:2019-11-17 16-28-20
2019-11-17 16:28:21.303 [spring-task-scheduler-thread-2] INFO  com.example.demo.task.pojodask - 现在时间111:2019-11-17 16-28-21
2019-11-17 16:28:21.303 [spring-task-scheduler-thread-3] INFO  com.example.demo.task.pojodask - 现在时间:2019-11-17 16-28-21
2019-11-17 16:28:22.302 [spring-task-scheduler-thread-4] INFO  com.example.demo.task.pojodask - 现在时间111:2019-11-17 16-28-22
2019-11-17 16:28:22.302 [spring-task-scheduler-thread-2] INFO  com.example.demo.task.pojodask - 现在时间:2019-11-17 16-28-22
2019-11-17 16:28:23.303 [spring-task-scheduler-thread-4] INFO  com.example.demo.task.pojodask - 现在时间:2019-11-17 16-28-23
2019-11-17 16:28:23.303 [spring-task-scheduler-thread-1] INFO  com.example.demo.task.pojodask - 现在时间111:2019-11-17 16-28-23
2019-11-17 16:28:24.302 [spring-task-scheduler-thread-4] INFO  com.example.demo.task.pojodask - 现在时间:2019-11-17 16-28-24
2019-11-17 16:28:24.302 [spring-task-scheduler-thread-3] INFO  com.example.demo.task.pojodask - 现在时间111:2019-11-17 16-28-24
2019-11-17 16:28:25.301 [spring-task-scheduler-thread-2] INFO  com.example.demo.task.pojodask - 现在时间111:2019-11-17 16-28-25
2019-11-17 16:28:25.301 [spring-task-scheduler-thread-4] INFO  com.example.demo.task.pojodask - 现在时间:2019-11-17 16-28-25
2019-11-17 16:28:26.302 [spring-task-scheduler-thread-1] INFO  com.example.demo.task.pojodask - 现在时间111:2019-11-17 16-28-26
2019-11-17 16:28:26.302 [spring-task-scheduler-thread-2] INFO  com.example.demo.task.pojodask - 现在时间:2019-11-17 16-28-26
2019-11-17 16:28:27.302 [spring-task-scheduler-thread-1] INFO  com.example.demo.task.pojodask - 现在时间:2019-11-17 16-28-27
2019-11-17 16:28:27.302 [spring-task-scheduler-thread-3] INFO  com.example.demo.task.pojodask - 现在时间111:2019-11-17 16-28-27
2019-11-17 16:28:28.301 [spring-task-scheduler-thread-1] INFO  com.example.demo.task.pojodask - 现在时间:2019-11-17 16-28-28
2019-11-17 16:28:28.301 [spring-task-scheduler-thread-4] INFO  com.example.demo.task.pojodask - 现在时间111:2019-11-17 16-28-28
2019-11-17 16:28:29.301 [spring-task-scheduler-thread-1] INFO  com.example.demo.task.pojodask - 现在时间:2019-11-17 16-28-29
2019-11-17 16:28:29.301 [spring-task-scheduler-thread-2] INFO  com.example.demo.task.pojodask - 现在时间111:2019-11-17 16-28-29
2019-11-17 16:28:30.302 [spring-task-scheduler-thread-1] INFO  com.example.demo.task.pojodask - 现在时间:2019-11-17 16-28-30
2019-11-17 16:28:30.302 [spring-task-scheduler-thread-3] INFO  com.example.demo.task.pojodask - 现在时间111:2019-11-17 16-28-30
2019-11-17 16:28:31.302 [spring-task-scheduler-thread-1] INFO  com.example.demo.task.pojodask - 现在时间:2019-11-17 16-28-31
2019-11-17 16:28:31.302 [spring-task-scheduler-thread-4] INFO  com.example.demo.task.pojodask - 现在时间111:2019-11-17 16-28-31
2019-11-17 16:28:32.302 [spring-task-scheduler-thread-1] INFO  com.example.demo.task.pojodask - 现在时间:2019-11-17 16-28-32
2019-11-17 16:28:32.302 [spring-task-scheduler-thread-2] INFO  com.example.demo.task.pojodask - 现在时间111:2019-11-17 16-28-32
2019-11-17 16:28:33.301 [spring-task-scheduler-thread-1] INFO  com.example.demo.task.pojodask - 现在时间:2019-11-17 16-28-33
2019-11-17 16:28:33.301 [spring-task-scheduler-thread-3] INFO  com.example.demo.task.pojodask - 现在时间111:2019-11-17 16-28-33
2019-11-17 16:28:34.303 [spring-task-scheduler-thread-4] INFO  com.example.demo.task.pojodask - 现在时间111:2019-11-17 16-28-34
2019-11-17 16:28:34.303 [spring-task-scheduler-thread-1] INFO  com.example.demo.task.pojodask - 现在时间:2019-11-17 16-28-34
2019-11-17 16:28:35.303 [spring-task-scheduler-thread-4] INFO  com.example.demo.task.pojodask - 现在时间:2019-11-17 16-28-35
2019-11-17 16:28:35.303 [spring-task-scheduler-thread-2] INFO  com.example.demo.task.pojodask - 现在时间111:2019-11-17 16-28-35
2019-11-17 16:28:36.302 [spring-task-scheduler-thread-2] INFO  com.example.demo.task.pojodask - 现在时间111:2019-11-17 16-28-36
2019-11-17 16:28:36.302 [spring-task-scheduler-thread-1] INFO  com.example.demo.task.pojodask - 现在时间:2019-11-17 16-28-36
2019-11-17 16:28:37.303 [spring-task-scheduler-thread-2] INFO  com.example.demo.task.pojodask - 现在时间:2019-11-17 16-28-37
2019-11-17 16:28:37.303 [spring-task-scheduler-thread-3] INFO  com.example.demo.task.pojodask - 现在时间111:2019-11-17 16-28-37
2019-11-17 16:28:38.303 [spring-task-scheduler-thread-2] INFO  com.example.demo.task.pojodask - 现在时间:2019-11-17 16-28-38
2019-11-17 16:28:38.303 [spring-task-scheduler-thread-4] INFO  com.example.demo.task.pojodask - 现在时间111:2019-11-17 16-28-38
2019-11-17 16:28:39.301 [spring-task-scheduler-thread-3] INFO  com.example.demo.task.pojodask - 现在时间:2019-11-17 16-28-39
2019-11-17 16:28:39.301 [spring-task-scheduler-thread-1] INFO  com.example.demo.task.pojodask - 现在时间111:2019-11-17 16-28-39
2019-11-17 16:28:40.316 [spring-task-scheduler-thread-3] INFO  com.example.demo.task.pojodask - 现在时间:2019-11-17 16-28-40
2019-11-17 16:28:40.316 [spring-task-scheduler-thread-2] INFO  com.example.demo.task.pojodask - 现在时间111:2019-11-17 16-28-40
2019-11-17 16:28:41.301 [spring-task-scheduler-thread-3] INFO  com.example.demo.task.pojodask - 现在时间:2019-11-17 16-28-41
2019-11-17 16:28:41.301 [spring-task-scheduler-thread-4] INFO  com.example.demo.task.pojodask - 现在时间111:2019-11-17 16-28-41
2019-11-17 16:28:42.303 [spring-task-scheduler-thread-1] INFO  com.example.demo.task.pojodask - 现在时间111:2019-11-17 16-28-42
2019-11-17 16:28:42.303 [spring-task-scheduler-thread-3] INFO  com.example.demo.task.pojodask - 现在时间:2019-11-17 16-28-42
2019-11-17 16:28:43.303 [spring-task-scheduler-thread-1] INFO  com.example.demo.task.pojodask - 现在时间:2019-11-17 16-28-43
2019-11-17 16:28:43.303 [spring-task-scheduler-thread-2] INFO  com.example.demo.task.pojodask - 现在时间111:2019-11-17 16-28-43
2019-11-17 16:28:44.301 [spring-task-scheduler-thread-4] INFO  com.example.demo.task.pojodask - 现在时间111:2019-11-17 16-28-44
2019-11-17 16:28:44.301 [spring-task-scheduler-thread-4] INFO  com.example.demo.task.pojodask - 现在时间:2019-11-17 16-28-44
2019-11-17 16:28:45.312 [spring-task-scheduler-thread-3] INFO  com.example.demo.task.pojodask - 现在时间:2019-11-17 16-28-45
2019-11-17 16:28:45.312 [spring-task-scheduler-thread-2] INFO  com.example.demo.task.pojodask - 现在时间111:2019-11-17 16-28-45
2019-11-17 16:28:45.743 [http-nio-8081-exec-9] INFO  com.example.demo.controller.TuserController - logback-info 成功了
2019-11-17 16:28:45.802 [http-nio-8081-exec-10] INFO  com.example.demo.controller.TuserController - logback 成功了
2019-11-17 16:28:46.301 [spring-task-scheduler-thread-1] INFO  com.example.demo.task.pojodask - 现在时间111:2019-11-17 16-28-46
2019-11-17 16:28:46.301 [spring-task-scheduler-thread-1] INFO  com.example.demo.task.pojodask - 现在时间:2019-11-17 16-28-46
2019-11-17 16:28:47.302 [spring-task-scheduler-thread-2] INFO  com.example.demo.task.pojodask - 现在时间111:2019-11-17 16-28-47
2019-11-17 16:28:47.302 [spring-task-scheduler-thread-4] INFO  com.example.demo.task.pojodask - 现在时间:2019-11-17 16-28-47
2019-11-17 16:28:48.301 [spring-task-scheduler-thread-3] INFO  com.example.demo.task.pojodask - 现在时间111:2019-11-17 16-28-48
2019-11-17 16:28:48.301 [spring-task-scheduler-thread-2] INFO  com.example.demo.task.pojodask - 现在时间:2019-11-17 16-28-48
2019-11-17 16:28:49.302 [spring-task-scheduler-thread-3] INFO  com.example.demo.task.pojodask - 现在时间:2019-11-17 16-28-49
2019-11-17 16:28:49.302 [spring-task-scheduler-thread-1] INFO  com.example.demo.task.pojodask - 现在时间111:2019-11-17 16-28-49
2019-11-17 16:28:50.302 [spring-task-scheduler-thread-4] INFO  com.example.demo.task.pojodask - 现在时间111:2019-11-17 16-28-50
2019-11-17 16:28:50.302 [spring-task-scheduler-thread-3] INFO  com.example.demo.task.pojodask - 现在时间:2019-11-17 16-28-50
2019-11-17 16:28:50.543 [http-nio-8081-exec-1] INFO  com.example.demo.controller.TuserController - logback-info 成功了
2019-11-17 16:28:50.612 [http-nio-8081-exec-2] INFO  com.example.demo.controller.TuserController - logback 成功了
2019-11-17 16:28:51.303 [spring-task-scheduler-thread-4] INFO  com.example.demo.task.pojodask - 现在时间:2019-11-17 16-28-51
2019-11-17 16:28:51.303 [spring-task-scheduler-thread-2] INFO  com.example.demo.task.pojodask - 现在时间111:2019-11-17 16-28-51
2019-11-17 16:28:52.303 [spring-task-scheduler-thread-4] INFO  com.example.demo.task.pojodask - 现在时间:2019-11-17 16-28-52
2019-11-17 16:28:52.303 [spring-task-scheduler-thread-1] INFO  com.example.demo.task.pojodask - 现在时间111:2019-11-17 16-28-52
2019-11-17 16:28:53.301 [spring-task-scheduler-thread-1] INFO  com.example.demo.task.pojodask - 现在时间:2019-11-17 16-28-53
2019-11-17 16:28:53.301 [spring-task-scheduler-thread-3] INFO  com.example.demo.task.pojodask - 现在时间111:2019-11-17 16-28-53
2019-11-17 16:28:54.303 [spring-task-scheduler-thread-4] INFO  com.example.demo.task.pojodask - 现在时间:2019-11-17 16-28-54
2019-11-17 16:28:54.303 [spring-task-scheduler-thread-3] INFO  com.example.demo.task.pojodask - 现在时间111:2019-11-17 16-28-54
2019-11-17 16:28:55.301 [spring-task-scheduler-thread-2] INFO  com.example.demo.task.pojodask - 现在时间111:2019-11-17 16-28-55
2019-11-17 16:28:55.301 [spring-task-scheduler-thread-4] INFO  com.example.demo.task.pojodask - 现在时间:2019-11-17 16-28-55
2019-11-17 16:28:56.303 [spring-task-scheduler-thread-2] INFO  com.example.demo.task.pojodask - 现在时间:2019-11-17 16-28-56
2019-11-17 16:28:56.303 [spring-task-scheduler-thread-1] INFO  com.example.demo.task.pojodask - 现在时间111:2019-11-17 16-28-56
2019-11-17 16:28:57.303 [spring-task-scheduler-thread-2] INFO  com.example.demo.task.pojodask - 现在时间:2019-11-17 16-28-57
2019-11-17 16:28:57.303 [spring-task-scheduler-thread-3] INFO  com.example.demo.task.pojodask - 现在时间111:2019-11-17 16-28-57
2019-11-17 16:28:58.303 [spring-task-scheduler-thread-4] INFO  com.example.demo.task.pojodask - 现在时间111:2019-11-17 16-28-58
2019-11-17 16:28:58.303 [spring-task-scheduler-thread-2] INFO  com.example.demo.task.pojodask - 现在时间:2019-11-17 16-28-58
2019-11-17 16:28:59.310 [spring-task-scheduler-thread-4] INFO  com.example.demo.task.pojodask - 现在时间:2019-11-17 16-28-59
2019-11-17 16:28:59.310 [spring-task-scheduler-thread-1] INFO  com.example.demo.task.pojodask - 现在时间111:2019-11-17 16-28-59
2019-11-17 16:47:10.988 [main] INFO  com.example.demo.DemoApplication - Starting DemoApplication on DESKTOP-VGJR4R4 with PID 40364 (D:\IdeaProjects\demo1112\target\classes started by ZHY in D:\IdeaProjects\demo1112)
2019-11-17 16:47:10.991 [main] INFO  com.example.demo.DemoApplication - The following profiles are active: dev
2019-11-17 16:47:11.723 [main] INFO  o.s.c.s.PostProcessorRegistrationDelegate$BeanPostProcessorChecker - Bean 'shiroConfig' of type [com.example.demo.shiro.ShiroConfig$$EnhancerBySpringCGLIB$$58dce9c2] is not eligible for getting processed by all BeanPostProcessors (for example: not eligible for auto-proxying)
2019-11-17 16:47:11.735 [main] INFO  o.s.c.s.PostProcessorRegistrationDelegate$BeanPostProcessorChecker - Bean 'org.springframework.transaction.annotation.ProxyTransactionManagementConfiguration' of type [org.springframework.transaction.annotation.ProxyTransactionManagementConfiguration] is not eligible for getting processed by all BeanPostProcessors (for example: not eligible for auto-proxying)
2019-11-17 16:47:11.820 [main] INFO  o.s.c.s.PostProcessorRegistrationDelegate$BeanPostProcessorChecker - Bean 'mybatis-org.mybatis.spring.boot.autoconfigure.MybatisProperties' of type [org.mybatis.spring.boot.autoconfigure.MybatisProperties] is not eligible for getting processed by all BeanPostProcessors (for example: not eligible for auto-proxying)
2019-11-17 16:47:11.824 [main] INFO  o.s.c.s.PostProcessorRegistrationDelegate$BeanPostProcessorChecker - Bean 'org.mybatis.spring.boot.autoconfigure.MybatisAutoConfiguration' of type [org.mybatis.spring.boot.autoconfigure.MybatisAutoConfiguration$$EnhancerBySpringCGLIB$$40311851] is not eligible for getting processed by all BeanPostProcessors (for example: not eligible for auto-proxying)
2019-11-17 16:47:11.826 [main] INFO  o.s.c.s.PostProcessorRegistrationDelegate$BeanPostProcessorChecker - Bean 'org.springframework.boot.autoconfigure.jdbc.DataSourceConfiguration$Hikari' of type [org.springframework.boot.autoconfigure.jdbc.DataSourceConfiguration$Hikari] is not eligible for getting processed by all BeanPostProcessors (for example: not eligible for auto-proxying)
2019-11-17 16:47:11.831 [main] INFO  o.s.c.s.PostProcessorRegistrationDelegate$BeanPostProcessorChecker - Bean 'spring.datasource-org.springframework.boot.autoconfigure.jdbc.DataSourceProperties' of type [org.springframework.boot.autoconfigure.jdbc.DataSourceProperties] is not eligible for getting processed by all BeanPostProcessors (for example: not eligible for auto-proxying)
2019-11-17 16:47:11.846 [main] INFO  o.s.c.s.PostProcessorRegistrationDelegate$BeanPostProcessorChecker - Bean 'dataSource' of type [com.zaxxer.hikari.HikariDataSource] is not eligible for getting processed by all BeanPostProcessors (for example: not eligible for auto-proxying)
2019-11-17 16:47:11.851 [main] INFO  o.s.c.s.PostProcessorRegistrationDelegate$BeanPostProcessorChecker - Bean 'org.springframework.boot.autoconfigure.jdbc.DataSourceInitializerInvoker' of type [org.springframework.boot.autoconfigure.jdbc.DataSourceInitializerInvoker] is not eligible for getting processed by all BeanPostProcessors (for example: not eligible for auto-proxying)
2019-11-17 16:47:11.978 [main] INFO  o.s.c.s.PostProcessorRegistrationDelegate$BeanPostProcessorChecker - Bean 'sqlSessionFactory' of type [org.apache.ibatis.session.defaults.DefaultSqlSessionFactory] is not eligible for getting processed by all BeanPostProcessors (for example: not eligible for auto-proxying)
2019-11-17 16:47:11.982 [main] INFO  o.s.c.s.PostProcessorRegistrationDelegate$BeanPostProcessorChecker - Bean 'sqlSessionTemplate' of type [org.mybatis.spring.SqlSessionTemplate] is not eligible for getting processed by all BeanPostProcessors (for example: not eligible for auto-proxying)
2019-11-17 16:47:12.045 [main] INFO  o.s.c.s.PostProcessorRegistrationDelegate$BeanPostProcessorChecker - Bean 'sysUserMapper' of type [tk.mybatis.spring.mapper.MapperFactoryBean] is not eligible for getting processed by all BeanPostProcessors (for example: not eligible for auto-proxying)
2019-11-17 16:47:12.047 [main] INFO  o.s.c.s.PostProcessorRegistrationDelegate$BeanPostProcessorChecker - Bean 'sysUserMapper' of type [com.sun.proxy.$Proxy73] is not eligible for getting processed by all BeanPostProcessors (for example: not eligible for auto-proxying)
2019-11-17 16:47:12.051 [main] INFO  o.s.c.s.PostProcessorRegistrationDelegate$BeanPostProcessorChecker - Bean 'sysuserServiceimpl' of type [com.example.demo.service.impl.SysuserServiceimpl] is not eligible for getting processed by all BeanPostProcessors (for example: not eligible for auto-proxying)
2019-11-17 16:47:12.051 [main] INFO  o.s.c.s.PostProcessorRegistrationDelegate$BeanPostProcessorChecker - Bean 'userRealm' of type [com.example.demo.shiro.UserRealm] is not eligible for getting processed by all BeanPostProcessors (for example: not eligible for auto-proxying)
2019-11-17 16:47:12.421 [main] INFO  o.s.c.s.PostProcessorRegistrationDelegate$BeanPostProcessorChecker - Bean 'defaultWebSecurityManager' of type [org.apache.shiro.web.mgt.DefaultWebSecurityManager] is not eligible for getting processed by all BeanPostProcessors (for example: not eligible for auto-proxying)
2019-11-17 16:47:12.611 [main] INFO  o.s.boot.web.embedded.tomcat.TomcatWebServer - Tomcat initialized with port(s): 8081 (http)
2019-11-17 16:47:12.617 [main] INFO  org.apache.coyote.http11.Http11NioProtocol - Initializing ProtocolHandler ["http-nio-8081"]
2019-11-17 16:47:12.618 [main] INFO  org.apache.catalina.core.StandardService - Starting service [Tomcat]
2019-11-17 16:47:12.618 [main] INFO  org.apache.catalina.core.StandardEngine - Starting Servlet engine: [Apache Tomcat/9.0.27]
2019-11-17 16:47:12.619 [main] INFO  org.apache.catalina.core.AprLifecycleListener - Loaded APR based Apache Tomcat Native library [1.2.23] using APR version [1.7.0].
2019-11-17 16:47:12.619 [main] INFO  org.apache.catalina.core.AprLifecycleListener - APR capabilities: IPv6 [true], sendfile [true], accept filters [false], random [true].
2019-11-17 16:47:12.619 [main] INFO  org.apache.catalina.core.AprLifecycleListener - APR/OpenSSL configuration: useAprConnector [false], useOpenSSL [true]
2019-11-17 16:47:12.621 [main] INFO  org.apache.catalina.core.AprLifecycleListener - OpenSSL successfully initialized [OpenSSL 1.1.1c  28 May 2019]
2019-11-17 16:47:12.689 [main] INFO  o.a.c.core.ContainerBase.[Tomcat].[localhost].[/] - Initializing Spring embedded WebApplicationContext
2019-11-17 16:47:12.689 [main] INFO  org.springframework.web.context.ContextLoader - Root WebApplicationContext: initialization completed in 1624 ms
2019-11-17 16:47:12.917 [main] INFO  o.s.scheduling.concurrent.ThreadPoolTaskExecutor - Initializing ExecutorService 'applicationTaskExecutor'
2019-11-17 16:47:13.099 [main] INFO  o.s.scheduling.concurrent.ThreadPoolTaskScheduler - Initializing ExecutorService
2019-11-17 16:47:13.101 [spring-task-scheduler-thread-2] INFO  com.example.demo.task.pojodask - 现在时间111:2019-11-17 16-47-13
2019-11-17 16:47:13.101 [spring-task-scheduler-thread-1] INFO  com.example.demo.task.pojodask - 现在时间:2019-11-17 16-47-13
2019-11-17 16:47:13.103 [main] INFO  org.apache.coyote.http11.Http11NioProtocol - Starting ProtocolHandler ["http-nio-8081"]
2019-11-17 16:47:13.120 [main] INFO  o.s.boot.web.embedded.tomcat.TomcatWebServer - Tomcat started on port(s): 8081 (http) with context path ''
2019-11-17 16:47:13.123 [main] INFO  com.example.demo.DemoApplication - Started DemoApplication in 2.741 seconds (JVM running for 3.516)
2019-11-17 16:47:13.306 [http-nio-8081-exec-2] INFO  o.a.c.core.ContainerBase.[Tomcat].[localhost].[/] - Initializing Spring DispatcherServlet 'dispatcherServlet'
2019-11-17 16:47:13.306 [http-nio-8081-exec-2] INFO  org.springframework.web.servlet.DispatcherServlet - Initializing Servlet 'dispatcherServlet'
2019-11-17 16:47:13.311 [http-nio-8081-exec-2] INFO  org.springframework.web.servlet.DispatcherServlet - Completed initialization in 4 ms
2019-11-17 16:47:14.102 [spring-task-scheduler-thread-1] INFO  com.example.demo.task.pojodask - 现在时间111:2019-11-17 16-47-14
2019-11-17 16:47:14.102 [spring-task-scheduler-thread-2] INFO  com.example.demo.task.pojodask - 现在时间:2019-11-17 16-47-14
2019-11-17 16:47:15.103 [spring-task-scheduler-thread-1] INFO  com.example.demo.task.pojodask - 现在时间111:2019-11-17 16-47-15
2019-11-17 16:47:15.103 [spring-task-scheduler-thread-3] INFO  com.example.demo.task.pojodask - 现在时间:2019-11-17 16-47-15
2019-11-17 16:47:16.113 [spring-task-scheduler-thread-1] INFO  com.example.demo.task.pojodask - 现在时间111:2019-11-17 16-47-16
2019-11-17 16:47:16.113 [spring-task-scheduler-thread-4] INFO  com.example.demo.task.pojodask - 现在时间:2019-11-17 16-47-16
2019-11-17 16:47:17.102 [spring-task-scheduler-thread-1] INFO  com.example.demo.task.pojodask - 现在时间111:2019-11-17 16-47-17
2019-11-17 16:47:17.102 [spring-task-scheduler-thread-2] INFO  com.example.demo.task.pojodask - 现在时间:2019-11-17 16-47-17
2019-11-17 16:47:18.102 [spring-task-scheduler-thread-1] INFO  com.example.demo.task.pojodask - 现在时间111:2019-11-17 16-47-18
2019-11-17 16:47:18.102 [spring-task-scheduler-thread-3] INFO  com.example.demo.task.pojodask - 现在时间:2019-11-17 16-47-18
2019-11-17 16:47:19.103 [spring-task-scheduler-thread-1] INFO  com.example.demo.task.pojodask - 现在时间111:2019-11-17 16-47-19
2019-11-17 16:47:19.103 [spring-task-scheduler-thread-4] INFO  com.example.demo.task.pojodask - 现在时间:2019-11-17 16-47-19
2019-11-17 16:47:20.102 [spring-task-scheduler-thread-1] INFO  com.example.demo.task.pojodask - 现在时间111:2019-11-17 16-47-20
2019-11-17 16:47:20.102 [spring-task-scheduler-thread-2] INFO  com.example.demo.task.pojodask - 现在时间:2019-11-17 16-47-20
2019-11-17 16:47:20.621 [http-nio-8081-exec-3] INFO  com.zaxxer.hikari.HikariDataSource - HikariPool-1 - Starting...
2019-11-17 16:47:21.074 [http-nio-8081-exec-3] INFO  com.zaxxer.hikari.HikariDataSource - HikariPool-1 - Start completed.
2019-11-17 16:47:21.103 [spring-task-scheduler-thread-1] INFO  com.example.demo.task.pojodask - 现在时间111:2019-11-17 16-47-21
2019-11-17 16:47:21.103 [spring-task-scheduler-thread-3] INFO  com.example.demo.task.pojodask - 现在时间:2019-11-17 16-47-21
2019-11-17 16:47:21.151 [http-nio-8081-exec-4] INFO  com.example.demo.controller.TuserController - logback 成功了
2019-11-17 16:47:22.102 [spring-task-scheduler-thread-1] INFO  com.example.demo.task.pojodask - 现在时间111:2019-11-17 16-47-22
2019-11-17 16:47:22.102 [spring-task-scheduler-thread-4] INFO  com.example.demo.task.pojodask - 现在时间:2019-11-17 16-47-22
2019-11-17 16:47:22.741 [http-nio-8081-exec-5] INFO  c.e.demo.controller.jsonController.jsonController - 执行数据库的转换json{"userId":"e92259d1-0527-11ea-a992-52540057f105","password":"32323","phone":"2323","userName":"323232"}
2019-11-17 16:47:22.741 [http-nio-8081-exec-5] INFO  c.e.demo.controller.jsonController.jsonController - 执行输出{"Response":{"responseCode":"100","desc":"测试成功"}}
2019-11-17 16:47:22.746 [http-nio-8081-exec-6] INFO  com.example.demo.controller.TuserController - logback 成功了
2019-11-17 16:47:23.104 [spring-task-scheduler-thread-1] INFO  com.example.demo.task.pojodask - 现在时间111:2019-11-17 16-47-23
2019-11-17 16:47:23.104 [spring-task-scheduler-thread-2] INFO  com.example.demo.task.pojodask - 现在时间:2019-11-17 16-47-23
2019-11-17 16:47:23.462 [http-nio-8081-exec-9] INFO  com.example.demo.controller.TuserController - logback-info 成功了
2019-11-17 16:47:23.556 [http-nio-8081-exec-8] INFO  com.example.demo.controller.TuserController - logback 成功了
2019-11-17 16:47:24.102 [spring-task-scheduler-thread-1] INFO  com.example.demo.task.pojodask - 现在时间111:2019-11-17 16-47-24
2019-11-17 16:47:24.102 [spring-task-scheduler-thread-3] INFO  com.example.demo.task.pojodask - 现在时间:2019-11-17 16-47-24
2019-11-17 16:47:25.102 [spring-task-scheduler-thread-1] INFO  com.example.demo.task.pojodask - 现在时间111:2019-11-17 16-47-25
2019-11-17 16:47:25.102 [spring-task-scheduler-thread-4] INFO  com.example.demo.task.pojodask - 现在时间:2019-11-17 16-47-25
2019-11-17 16:47:26.102 [spring-task-scheduler-thread-1] INFO  com.example.demo.task.pojodask - 现在时间111:2019-11-17 16-47-26
2019-11-17 16:47:26.102 [spring-task-scheduler-thread-2] INFO  com.example.demo.task.pojodask - 现在时间:2019-11-17 16-47-26
